0000: 00001107  JMP    -> 0054 
0002: 00001107  JMP    -> 0011 
0004: 00000000  .word 0x00000000 (DATA)
0005: 00000000  .word 0x00000000 (DATA)
0006: 00000000  .word 0x00000000 (DATA)
0007: 00000001  .word 0x00000001 (DATA)
0008: 00000000  .word 0x00000000 (DATA)
0009: 00000000  .word 0x00000000 (DATA)
0010: 00000000  .word 0x00000000 (DATA)
0011: 00023201  MOV    R0, [TRAP_BUFFER]
0014: 00032201  MOV    [8], R0
0017: 00023201  MOV    R1, [8]
0020: 00013201  MOV    R2, #0
0023: 00033206  CMP    R1, R2
0026: 00013201  MOV    R0, #1
0029: 00001108  JEQ    -> 0034
0031: 00013201  MOV    R0, #0
0034: 00013206  CMP    R0, #0
0037: 00001108  JEQ    -> 0047
0039: 00013201  MOV    R0, #0
0042: 00032201  MOV    [7], R0
0045: 00001107  JMP    -> 0053
0047: 00023201  MOV    R0, [8]
0050: 00032201  MOV    [OUT_CHAR], R0
0053: 0000000E  IRET   
0054: 00013201  MOV    R0, #0
0057: 00032201  MOV    [9], R0
0060: 00013201  MOV    R1, #1000
0063: 00023201  MOV    R0, [9]
0066: 00033206  CMP    R0, R1
0069: 00001109  JGT    -> 0122
0071: 00023201  MOV    R1, [7]
0074: 00013201  MOV    R2, #0
0077: 00033206  CMP    R1, R2
0080: 00013201  MOV    R0, #1
0083: 00001108  JEQ    -> 0088
0085: 00013201  MOV    R0, #0
0088: 00013206  CMP    R0, #0
0091: 00001108  JEQ    -> 0101
0093: 00013201  MOV    R0, #1000
0096: 00032201  MOV    [9], R0
0099: 00001107  JMP    -> 0107
0101: 00023201  MOV    R0, [7]
0104: 00032201  MOV    [7], R0
0107: 00032201  MOV    [10], R0
0110: 00023201  MOV    R0, [9]
0113: 00133302  ADD    R0, R0, #1
0117: 00032201  MOV    [9], R0
0120: 00001107  JMP    -> 0060
0122: 00023201  MOV    R0, [10]
0125: 0000000F  HALT   