0000: 00001107  JMP    -> 0008 
0002: 00001107  JMP    -> 0007 
0004: 00000000  .word 0x00000000 (DATA)
0005: 00000000  .word 0x00000000 (DATA)
0006: 00000000  .word 0x00000000 (DATA)
0007: 0000000E  IRET   
0008: 00001107  JMP    -> 0104
0010: 00033201  MOV    R1, SP
0013: 00133302  ADD    R1, R1, #1
0017: 00043201  MOV    R1, [R1]
0020: 00013201  MOV    R2, #0
0023: 00033206  CMP    R1, R2
0026: 00013201  MOV    R0, #1
0029: 00001108  JEQ    -> 0034
0031: 00013201  MOV    R0, #0
0034: 00013206  CMP    R0, #0
0037: 00001108  JEQ    -> 0044
0039: 00013201  MOV    R0, #1
0042: 00001107  JMP    -> 0103
0044: 00033201  MOV    R1, SP
0047: 00133302  ADD    R1, R1, #1
0051: 00043201  MOV    R1, [R1]
0054: 0000310C  PUSH   R1
0056: 0000310C  PUSH   R1
0058: 0000310C  PUSH   R2
0060: 00033201  MOV    R1, SP
0063: 00133302  ADD    R1, R1, #1
0067: 00043201  MOV    R1, [R1]
0070: 0000310C  PUSH   R1
0072: 00013201  MOV    R2, #1
0075: 0000310D  POP    R1
0077: 00333303  SUB    R0, R1, R2
0081: 0000310C  PUSH   R0
0083: 0000110A  CALL   -> 0010
0085: 00033201  MOV    R3, R0
0088: 0000310D  POP    R0
0090: 0000310D  POP    R2
0092: 0000310D  POP    R1
0094: 00033201  MOV    R2, R3
0097: 0000310D  POP    R1
0099: 00333304  MUL    R0, R1, R2
0103: 0000000B  RET    
0104: 0000310C  PUSH   R1
0106: 0000310C  PUSH   R2
0108: 00013201  MOV    R0, #6
0111: 0000310C  PUSH   R0
0113: 0000110A  CALL   -> 0010
0115: 00033201  MOV    R3, R0
0118: 0000310D  POP    R0
0120: 0000310D  POP    R2
0122: 0000310D  POP    R1
0124: 00033201  MOV    R0, R3
0127: 00032201  MOV    [OUT_INT], R0
0130: 0000000F  HALT   