0000: 00001107  JMP    -> 0120 
0002: 00001107  JMP    -> 0046 
0004: 00000000  .word 0x00000000 (DATA)
0005: 00000000  .word 0x00000000 (DATA)
0006: 00000000  .word 0x00000000 (DATA)
0007: 00000001  .word 0x00000001 (DATA)
0008: 00000000  .word 0x00000000 (DATA)
0009: 00000000  .word 0x00000000 (DATA)
0010: 00000BB8  .word 0x00000BB8 (DATA)
0011: 00000013  .word 0x00000013 (DATA)
0012: 00000057  .word 0x00000057 (DATA)
0013: 00000068  .word 0x00000068 (DATA)
0014: 00000061  .word 0x00000061 (DATA)
0015: 00000074  .word 0x00000074 (DATA)
0016: 00000020  .word 0x00000020 (DATA)
0017: 00000069  .word 0x00000069 (DATA)
0018: 00000073  .word 0x00000073 (DATA)
0019: 00000020  .word 0x00000020 (DATA)
0020: 00000079  .word 0x00000079 (DATA)
0021: 0000006F  .word 0x0000006F (DATA)
0022: 00000075  .word 0x00000075 (DATA)
0023: 00000072  .word 0x00000072 (DATA)
0024: 00000020  .word 0x00000020 (DATA)
0025: 0000006E  .word 0x0000006E (DATA)
0026: 00000061  .word 0x00000061 (DATA)
0027: 0000006D  .word 0x0000006D (DATA)
0028: 00000065  .word 0x00000065 (DATA)
0029: 0000003F  .word 0x0000003F (DATA)
0030: 0000000A  .word 0x0000000A (DATA)
0031: 00000000  .word 0x00000000 (DATA)
0032: 00000000  .word 0x00000000 (DATA)
0033: 00000007  .word 0x00000007 (DATA)
0034: 00000048  .word 0x00000048 (DATA)
0035: 00000065  .word 0x00000065 (DATA)
0036: 0000006C  .word 0x0000006C (DATA)
0037: 0000006C  .word 0x0000006C (DATA)
0038: 0000006F  .word 0x0000006F (DATA)
0039: 0000002C  .word 0x0000002C (DATA)
0040: 00000020  .word 0x00000020 (DATA)
0041: 00000000  .word 0x00000000 (DATA)
0042: 00000000  .word 0x00000000 (DATA)
0043: 00000002  .word 0x00000002 (DATA)
0044: 00000021  .word 0x00000021 (DATA)
0045: 0000000A  .word 0x0000000A (DATA)
0046: 00023201  MOV    R0, [TRAP_BUFFER]
0049: 00032201  MOV    [8], R0
0052: 00023201  MOV    R1, [8]
0055: 00013201  MOV    R2, #10
0058: 00033206  CMP    R1, R2
0061: 00013201  MOV    R0, #1
0064: 00001108  JEQ    -> 0069
0066: 00013201  MOV    R0, #0
0069: 00013206  CMP    R0, #0
0072: 00001108  JEQ    -> 0082
0074: 00013201  MOV    R0, #0
0077: 00032201  MOV    [7], R0
0080: 00001107  JMP    -> 0119
0082: 00023201  MOV    R1, [10]
0085: 0000310C  PUSH   R1
0087: 00023201  MOV    R2, [9]
0090: 0000310D  POP    R1
0092: 00333302  ADD    R1, R1, R2
0096: 00023201  MOV    R0, [8]
0099: 00034201  MOV    [R1], R0
0102: 00023201  MOV    R1, [9]
0105: 0000310C  PUSH   R1
0107: 00013201  MOV    R2, #1
0110: 0000310D  POP    R1
0112: 00333302  ADD    R0, R1, R2
0116: 00032201  MOV    [9], R0
0119: 0000000E  IRET   
0120: 00013201  MOV    R1, #12
0123: 00023201  MOV    R2, [11]
0126: 00013206  CMP    R2, #0
0129: 00001108  JEQ    -> 0147
0131: 00043201  MOV    R0, [R1]
0134: 00032201  MOV    [OUT_CHAR], R0
0137: 00133302  ADD    R1, R1, #1
0141: 00133303  SUB    R2, R2, #1
0145: 00001107  JMP    -> 0126
0147: 00013201  MOV    R0, #0
0150: 00032201  MOV    [31], R0
0153: 00013201  MOV    R1, #20000
0156: 00023201  MOV    R0, [31]
0159: 00033206  CMP    R0, R1
0162: 00001109  JGT    -> 0215
0164: 00023201  MOV    R1, [7]
0167: 00013201  MOV    R2, #0
0170: 00033206  CMP    R1, R2
0173: 00013201  MOV    R0, #1
0176: 00001108  JEQ    -> 0181
0178: 00013201  MOV    R0, #0
0181: 00013206  CMP    R0, #0
0184: 00001108  JEQ    -> 0194
0186: 00013201  MOV    R0, #20000
0189: 00032201  MOV    [31], R0
0192: 00001107  JMP    -> 0200
0194: 00023201  MOV    R0, [31]
0197: 00032201  MOV    [31], R0
0200: 00032201  MOV    [32], R0
0203: 00023201  MOV    R0, [31]
0206: 00133302  ADD    R0, R0, #1
0210: 00032201  MOV    [31], R0
0213: 00001107  JMP    -> 0153
0215: 00023201  MOV    R0, [32]
0218: 00013201  MOV    R1, #34
0221: 00023201  MOV    R2, [33]
0224: 00013206  CMP    R2, #0
0227: 00001108  JEQ    -> 0245
0229: 00043201  MOV    R0, [R1]
0232: 00032201  MOV    [OUT_CHAR], R0
0235: 00133302  ADD    R1, R1, #1
0239: 00133303  SUB    R2, R2, #1
0243: 00001107  JMP    -> 0224
0245: 00013201  MOV    R0, #0
0248: 00032201  MOV    [41], R0
0251: 00023201  MOV    R1, [9]
0254: 0000310C  PUSH   R1
0256: 00013201  MOV    R2, #1
0259: 0000310D  POP    R1
0261: 00333303  SUB    R1, R1, R2
0265: 00023201  MOV    R0, [41]
0268: 00033206  CMP    R0, R1
0271: 00001109  JGT    -> 0308
0273: 00023201  MOV    R1, [10]
0276: 0000310C  PUSH   R1
0278: 00023201  MOV    R2, [41]
0281: 0000310D  POP    R1
0283: 00333302  ADD    R1, R1, R2
0287: 00043201  MOV    R0, [R1]
0290: 00032201  MOV    [OUT_CHAR], R0
0293: 00032201  MOV    [42], R0
0296: 00023201  MOV    R0, [41]
0299: 00133302  ADD    R0, R0, #1
0303: 00032201  MOV    [41], R0
0306: 00001107  JMP    -> 0251
0308: 00023201  MOV    R0, [42]
0311: 00013201  MOV    R1, #44
0314: 00023201  MOV    R2, [43]
0317: 00013206  CMP    R2, #0
0320: 00001108  JEQ    -> 0338
0322: 00043201  MOV    R0, [R1]
0325: 00032201  MOV    [OUT_CHAR], R0
0328: 00133302  ADD    R1, R1, #1
0332: 00133303  SUB    R2, R2, #1
0336: 00001107  JMP    -> 0317
0338: 0000000F  HALT   