0000: 00001107  JMP    -> 0022 
0002: 00001107  JMP    -> 0021 
0004: 00000000  .word 0x00000000 (DATA)
0005: 00000000  .word 0x00000000 (DATA)
0006: 00000000  .word 0x00000000 (DATA)
0007: 0000000D  .word 0x0000000D (DATA)
0008: 00000048  .word 0x00000048 (DATA)
0009: 00000065  .word 0x00000065 (DATA)
0010: 0000006C  .word 0x0000006C (DATA)
0011: 0000006C  .word 0x0000006C (DATA)
0012: 0000006F  .word 0x0000006F (DATA)
0013: 0000002C  .word 0x0000002C (DATA)
0014: 00000020  .word 0x00000020 (DATA)
0015: 00000057  .word 0x00000057 (DATA)
0016: 0000006F  .word 0x0000006F (DATA)
0017: 00000072  .word 0x00000072 (DATA)
0018: 0000006C  .word 0x0000006C (DATA)
0019: 00000064  .word 0x00000064 (DATA)
0020: 00000021  .word 0x00000021 (DATA)
0021: 0000000E  IRET   
0022: 00013201  MOV    R1, #8
0025: 00023201  MOV    R2, [7]
0028: 00013206  CMP    R2, #0
0031: 00001108  JEQ    -> 0049
0033: 00043201  MOV    R0, [R1]
0036: 00032201  MOV    [OUT_CHAR], R0
0039: 00133302  ADD    R1, R1, #1
0043: 00133303  SUB    R2, R2, #1
0047: 00001107  JMP    -> 0028
0049: 0000000F  HALT   