0000: 00001107  JMP    -> 0023 
0002: 00001107  JMP    -> 0022 
0004: 00000000  .word 0x00000000 (DATA)
0005: 00000000  .word 0x00000000 (DATA)
0006: 00000000  .word 0x00000000 (DATA)
0007: 00000000  .word 0x00000000 (DATA)
0008: 00000000  .word 0x00000000 (DATA)
0009: 00000000  .word 0x00000000 (DATA)
0010: 00000000  .word 0x00000000 (DATA)
0011: 00000000  .word 0x00000000 (DATA)
0012: 00000000  .word 0x00000000 (DATA)
0013: 00000008  .word 0x00000008 (DATA)
0014: 00000052  .word 0x00000052 (DATA)
0015: 00000065  .word 0x00000065 (DATA)
0016: 00000073  .word 0x00000073 (DATA)
0017: 00000075  .word 0x00000075 (DATA)
0018: 0000006C  .word 0x0000006C (DATA)
0019: 00000074  .word 0x00000074 (DATA)
0020: 0000003A  .word 0x0000003A (DATA)
0021: 00000020  .word 0x00000020 (DATA)
0022: 0000000E  IRET   
0023: 00013201  MOV    R0, #1
0026: 00032201  MOV    [11], R0
0029: 00013201  MOV    R1, #101
0032: 00023201  MOV    R0, [11]
0035: 00033206  CMP    R0, R1
0038: 00001109  JGT    -> 0100
0040: 00023201  MOV    R1, [8]
0043: 0000310C  PUSH   R1
0045: 00023201  MOV    R1, [11]
0048: 0000310C  PUSH   R1
0050: 00023201  MOV    R2, [11]
0053: 0000310D  POP    R1
0055: 00333304  MUL    R2, R1, R2
0059: 0000310D  POP    R1
0061: 00333302  ADD    R0, R1, R2
0065: 00032201  MOV    [8], R0
0068: 00023201  MOV    R1, [7]
0071: 0000310C  PUSH   R1
0073: 00023201  MOV    R2, [11]
0076: 0000310D  POP    R1
0078: 00333302  ADD    R0, R1, R2
0082: 00032201  MOV    [7], R0
0085: 00032201  MOV    [12], R0
0088: 00023201  MOV    R0, [11]
0091: 00133302  ADD    R0, R0, #1
0095: 00032201  MOV    [11], R0
0098: 00001107  JMP    -> 0029
0100: 00023201  MOV    R0, [12]
0103: 00023201  MOV    R1, [7]
0106: 0000310C  PUSH   R1
0108: 00023201  MOV    R2, [7]
0111: 0000310D  POP    R1
0113: 00333304  MUL    R0, R1, R2
0117: 00032201  MOV    [9], R0
0120: 00023201  MOV    R1, [9]
0123: 0000310C  PUSH   R1
0125: 00023201  MOV    R2, [8]
0128: 0000310D  POP    R1
0130: 00333303  SUB    R0, R1, R2
0134: 00032201  MOV    [10], R0
0137: 00013201  MOV    R1, #14
0140: 00023201  MOV    R2, [13]
0143: 00013206  CMP    R2, #0
0146: 00001108  JEQ    -> 0164
0148: 00043201  MOV    R0, [R1]
0151: 00032201  MOV    [OUT_CHAR], R0
0154: 00133302  ADD    R1, R1, #1
0158: 00133303  SUB    R2, R2, #1
0162: 00001107  JMP    -> 0143
0164: 00023201  MOV    R0, [10]
0167: 00032201  MOV    [OUT_INT], R0
0170: 0000000F  HALT   