0000: 00001107  JMP    -> 0286 
0002: 00001107  JMP    -> 0031 
0004: 00000000  .word 0x00000000 (DATA)
0005: 00000000  .word 0x00000000 (DATA)
0006: 00000000  .word 0x00000000 (DATA)
0007: 00000BB8  .word 0x00000BB8 (DATA)
0008: 00000000  .word 0x00000000 (DATA)
0009: 00000000  .word 0x00000000 (DATA)
0010: 00000001  .word 0x00000001 (DATA)
0011: 00000001  .word 0x00000001 (DATA)
0012: 00000000  .word 0x00000000 (DATA)
0013: 00000000  .word 0x00000000 (DATA)
0014: 00000000  .word 0x00000000 (DATA)
0015: 00000000  .word 0x00000000 (DATA)
0016: 00000000  .word 0x00000000 (DATA)
0017: 00000000  .word 0x00000000 (DATA)
0018: 00000000  .word 0x00000000 (DATA)
0019: 00000000  .word 0x00000000 (DATA)
0020: 00000000  .word 0x00000000 (DATA)
0021: 00000000  .word 0x00000000 (DATA)
0022: 00000000  .word 0x00000000 (DATA)
0023: 00000005  .word 0x00000005 (DATA)
0024: 00000065  .word 0x00000065 (DATA)
0025: 0000006D  .word 0x0000006D (DATA)
0026: 00000070  .word 0x00000070 (DATA)
0027: 00000074  .word 0x00000074 (DATA)
0028: 00000079  .word 0x00000079 (DATA)
0029: 00000000  .word 0x00000000 (DATA)
0030: 00000000  .word 0x00000000 (DATA)
0031: 00023201  MOV    R0, [TRAP_BUFFER]
0034: 00032201  MOV    [13], R0
0037: 00023201  MOV    R1, [13]
0040: 00013201  MOV    R2, #10
0043: 00033206  CMP    R1, R2
0046: 00013201  MOV    R0, #1
0049: 00001108  JEQ    -> 0054
0051: 00013201  MOV    R0, #0
0054: 00013206  CMP    R0, #0
0057: 00001108  JEQ    -> 0143
0059: 00023201  MOV    R1, [9]
0062: 00013201  MOV    R2, #0
0065: 00033206  CMP    R1, R2
0068: 00013201  MOV    R0, #1
0071: 00001109  JGT    -> 0076
0073: 00013201  MOV    R0, #0
0076: 00013206  CMP    R0, #0
0079: 00001108  JEQ    -> 0120
0081: 00023201  MOV    R1, [8]
0084: 0000310C  PUSH   R1
0086: 00013201  MOV    R2, #1
0089: 0000310D  POP    R1
0091: 00333302  ADD    R0, R1, R2
0095: 00032201  MOV    [8], R0
0098: 00023201  MOV    R1, [7]
0101: 0000310C  PUSH   R1
0103: 00023201  MOV    R2, [8]
0106: 0000310D  POP    R1
0108: 00333302  ADD    R1, R1, R2
0112: 00023201  MOV    R0, [9]
0115: 00034201  MOV    [R1], R0
0118: 00001107  JMP    -> 0126
0120: 00023201  MOV    R0, [9]
0123: 00032201  MOV    [9], R0
0126: 00023201  MOV    R1, [7]
0129: 00023201  MOV    R0, [8]
0132: 00034201  MOV    [R1], R0
0135: 00013201  MOV    R0, #0
0138: 00032201  MOV    [10], R0
0141: 00001107  JMP    -> 0285
0143: 00023201  MOV    R1, [13]
0146: 00013201  MOV    R2, #32
0149: 00033206  CMP    R1, R2
0152: 00013201  MOV    R0, #1
0155: 00001108  JEQ    -> 0160
0157: 00013201  MOV    R0, #0
0160: 00013206  CMP    R0, #0
0163: 00001108  JEQ    -> 0240
0165: 00023201  MOV    R1, [9]
0168: 00013201  MOV    R2, #0
0171: 00033206  CMP    R1, R2
0174: 00013201  MOV    R0, #1
0177: 00001109  JGT    -> 0182
0179: 00013201  MOV    R0, #0
0182: 00013206  CMP    R0, #0
0185: 00001108  JEQ    -> 0232
0187: 00023201  MOV    R1, [8]
0190: 0000310C  PUSH   R1
0192: 00013201  MOV    R2, #1
0195: 0000310D  POP    R1
0197: 00333302  ADD    R0, R1, R2
0201: 00032201  MOV    [8], R0
0204: 00023201  MOV    R1, [7]
0207: 0000310C  PUSH   R1
0209: 00023201  MOV    R2, [8]
0212: 0000310D  POP    R1
0214: 00333302  ADD    R1, R1, R2
0218: 00023201  MOV    R0, [9]
0221: 00034201  MOV    [R1], R0
0224: 00013201  MOV    R0, #0
0227: 00032201  MOV    [9], R0
0230: 00001107  JMP    -> 0238
0232: 00013201  MOV    R0, #0
0235: 00032201  MOV    [9], R0
0238: 00001107  JMP    -> 0285
0240: 00023201  MOV    R1, [13]
0243: 0000310C  PUSH   R1
0245: 00013201  MOV    R2, #48
0248: 0000310D  POP    R1
0250: 00333303  SUB    R0, R1, R2
0254: 00032201  MOV    [14], R0
0257: 00023201  MOV    R1, [9]
0260: 0000310C  PUSH   R1
0262: 00013201  MOV    R2, #10
0265: 0000310D  POP    R1
0267: 00333304  MUL    R1, R1, R2
0271: 0000310C  PUSH   R1
0273: 00023201  MOV    R2, [14]
0276: 0000310D  POP    R1
0278: 00333302  ADD    R0, R1, R2
0282: 00032201  MOV    [9], R0
0285: 0000000E  IRET   
0286: 00013201  MOV    R0, #0
0289: 00032201  MOV    [17], R0
0292: 00013201  MOV    R1, #5000
0295: 00023201  MOV    R0, [17]
0298: 00033206  CMP    R0, R1
0301: 00001109  JGT    -> 0354
0303: 00023201  MOV    R1, [10]
0306: 00013201  MOV    R2, #0
0309: 00033206  CMP    R1, R2
0312: 00013201  MOV    R0, #1
0315: 00001108  JEQ    -> 0320
0317: 00013201  MOV    R0, #0
0320: 00013206  CMP    R0, #0
0323: 00001108  JEQ    -> 0333
0325: 00013201  MOV    R0, #5000
0328: 00032201  MOV    [17], R0
0331: 00001107  JMP    -> 0339
0333: 00023201  MOV    R0, [17]
0336: 00032201  MOV    [17], R0
0339: 00032201  MOV    [18], R0
0342: 00023201  MOV    R0, [17]
0345: 00133302  ADD    R0, R0, #1
0349: 00032201  MOV    [17], R0
0352: 00001107  JMP    -> 0292
0354: 00023201  MOV    R0, [18]
0357: 00023201  MOV    R1, [7]
0360: 00043201  MOV    R0, [R1]
0363: 00032201  MOV    [12], R0
0366: 00023201  MOV    R1, [12]
0369: 00013201  MOV    R2, #1
0372: 00033206  CMP    R1, R2
0375: 00013201  MOV    R0, #1
0378: 00001109  JGT    -> 0383
0380: 00013201  MOV    R0, #0
0383: 00013206  CMP    R0, #0
0386: 00001108  JEQ    -> 0700
0388: 00013201  MOV    R0, #0
0391: 00032201  MOV    [19], R0
0394: 00023201  MOV    R1, [12]
0397: 0000310C  PUSH   R1
0399: 00013201  MOV    R2, #1
0402: 0000310D  POP    R1
0404: 00333303  SUB    R1, R1, R2
0408: 00023201  MOV    R0, [19]
0411: 00033206  CMP    R0, R1
0414: 00001109  JGT    -> 0695
0416: 00023201  MOV    R1, [11]
0419: 00013201  MOV    R2, #0
0422: 00033206  CMP    R1, R2
0425: 00013201  MOV    R0, #1
0428: 00001108  JEQ    -> 0433
0430: 00013201  MOV    R0, #0
0433: 00013206  CMP    R0, #0
0436: 00001108  JEQ    -> 0457
0438: 00023201  MOV    R1, [12]
0441: 0000310C  PUSH   R1
0443: 00013201  MOV    R2, #1
0446: 0000310D  POP    R1
0448: 00333303  SUB    R0, R1, R2
0452: 00032201  MOV    [19], R0
0455: 00001107  JMP    -> 0680
0457: 00013201  MOV    R0, #0
0460: 00032201  MOV    [11], R0
0463: 00013201  MOV    R0, #0
0466: 00032201  MOV    [21], R0
0469: 00023201  MOV    R1, [12]
0472: 0000310C  PUSH   R1
0474: 00023201  MOV    R2, [19]
0477: 0000310D  POP    R1
0479: 00333303  SUB    R1, R1, R2
0483: 0000310C  PUSH   R1
0485: 00013201  MOV    R2, #2
0488: 0000310D  POP    R1
0490: 00333303  SUB    R1, R1, R2
0494: 00023201  MOV    R0, [21]
0497: 00033206  CMP    R0, R1
0500: 00001109  JGT    -> 0677
0502: 00023201  MOV    R1, [7]
0505: 0000310C  PUSH   R1
0507: 00023201  MOV    R1, [21]
0510: 0000310C  PUSH   R1
0512: 00013201  MOV    R2, #1
0515: 0000310D  POP    R1
0517: 00333302  ADD    R2, R1, R2
0521: 0000310D  POP    R1
0523: 00333302  ADD    R1, R1, R2
0527: 00043201  MOV    R0, [R1]
0530: 00032201  MOV    [15], R0
0533: 00023201  MOV    R1, [7]
0536: 0000310C  PUSH   R1
0538: 00023201  MOV    R1, [21]
0541: 0000310C  PUSH   R1
0543: 00013201  MOV    R2, #2
0546: 0000310D  POP    R1
0548: 00333302  ADD    R2, R1, R2
0552: 0000310D  POP    R1
0554: 00333302  ADD    R1, R1, R2
0558: 00043201  MOV    R0, [R1]
0561: 00032201  MOV    [16], R0
0564: 00023201  MOV    R1, [15]
0567: 00023201  MOV    R2, [16]
0570: 00033206  CMP    R1, R2
0573: 00013201  MOV    R0, #1
0576: 00001109  JGT    -> 0581
0578: 00013201  MOV    R0, #0
0581: 00013206  CMP    R0, #0
0584: 00001108  JEQ    -> 0656
0586: 00023201  MOV    R1, [7]
0589: 0000310C  PUSH   R1
0591: 00023201  MOV    R1, [21]
0594: 0000310C  PUSH   R1
0596: 00013201  MOV    R2, #1
0599: 0000310D  POP    R1
0601: 00333302  ADD    R2, R1, R2
0605: 0000310D  POP    R1
0607: 00333302  ADD    R1, R1, R2
0611: 00023201  MOV    R0, [16]
0614: 00034201  MOV    [R1], R0
0617: 00023201  MOV    R1, [7]
0620: 0000310C  PUSH   R1
0622: 00023201  MOV    R1, [21]
0625: 0000310C  PUSH   R1
0627: 00013201  MOV    R2, #2
0630: 0000310D  POP    R1
0632: 00333302  ADD    R2, R1, R2
0636: 0000310D  POP    R1
0638: 00333302  ADD    R1, R1, R2
0642: 00023201  MOV    R0, [15]
0645: 00034201  MOV    [R1], R0
0648: 00013201  MOV    R0, #1
0651: 00032201  MOV    [11], R0
0654: 00001107  JMP    -> 0662
0656: 00023201  MOV    R0, [11]
0659: 00032201  MOV    [11], R0
0662: 00032201  MOV    [22], R0
0665: 00023201  MOV    R0, [21]
0668: 00133302  ADD    R0, R0, #1
0672: 00032201  MOV    [21], R0
0675: 00001107  JMP    -> 0469
0677: 00023201  MOV    R0, [22]
0680: 00032201  MOV    [20], R0
0683: 00023201  MOV    R0, [19]
0686: 00133302  ADD    R0, R0, #1
0690: 00032201  MOV    [19], R0
0693: 00001107  JMP    -> 0394
0695: 00023201  MOV    R0, [20]
0698: 00001107  JMP    -> 0700
0700: 00023201  MOV    R1, [12]
0703: 00013201  MOV    R2, #0
0706: 00033206  CMP    R1, R2
0709: 00013201  MOV    R0, #1
0712: 00001108  JEQ    -> 0717
0714: 00013201  MOV    R0, #0
0717: 00013206  CMP    R0, #0
0720: 00001108  JEQ    -> 0751
0722: 00013201  MOV    R1, #24
0725: 00023201  MOV    R2, [23]
0728: 00013206  CMP    R2, #0
0731: 00001108  JEQ    -> 0749
0733: 00043201  MOV    R0, [R1]
0736: 00032201  MOV    [OUT_CHAR], R0
0739: 00133302  ADD    R1, R1, #1
0743: 00133303  SUB    R2, R2, #1
0747: 00001107  JMP    -> 0728
0749: 00001107  JMP    -> 0812
0751: 00013201  MOV    R0, #1
0754: 00032201  MOV    [29], R0
0757: 00023201  MOV    R1, [12]
0760: 00023201  MOV    R0, [29]
0763: 00033206  CMP    R0, R1
0766: 00001109  JGT    -> 0809
0768: 00023201  MOV    R1, [7]
0771: 0000310C  PUSH   R1
0773: 00023201  MOV    R2, [29]
0776: 0000310D  POP    R1
0778: 00333302  ADD    R1, R1, R2
0782: 00043201  MOV    R0, [R1]
0785: 00032201  MOV    [OUT_INT], R0
0788: 00013201  MOV    R0, #32
0791: 00032201  MOV    [OUT_CHAR], R0
0794: 00032201  MOV    [30], R0
0797: 00023201  MOV    R0, [29]
0800: 00133302  ADD    R0, R0, #1
0804: 00032201  MOV    [29], R0
0807: 00001107  JMP    -> 0757
0809: 00023201  MOV    R0, [30]
0812: 0000000F  HALT   